android/build/intermediates/manifest_merge_blame_file/release/processReleaseManifest/manifest-merger-blame-release-report.txt
1<?xml version="1.0" encoding="utf-8"?>
2<manifest xmlns:android="http://schemas.android.com/apk/res/android"
3    package="com.codetrixstudio.capacitor.GoogleAuth.capacitorgoogleauth" >
4
5    <uses-sdk android:minSdkVersion="23" />
6
7    <uses-permission android:name="android.permission.USE_CREDENTIALS" />
7-->src/main/AndroidManifest.xml:3:5-74
7-->src/main/AndroidManifest.xml:3:22-71
8    <uses-permission android:name="android.permission.INTERNET" />
8-->src/main/AndroidManifest.xml:4:5-66
8-->src/main/AndroidManifest.xml:4:22-64
9
10</manifest>